<?xml version="1.0" encoding="UTF-8"?>
<testsuite name="io.laaf.aws.web.IndexControllerTest" tests="1" skipped="0" failures="0" errors="0" timestamp="2022-03-27T15:09:03" hostname="kakas-MBP.kornet" time="0.163">
  <properties/>
  <testcase name="메인페이지_로딩()" classname="io.laaf.aws.web.IndexControllerTest" time="0.163"/>
  <system-out><![CDATA[2022-03-28 00:09:03.350  INFO 1806 --- [    Test worker] .b.t.c.SpringBootTestContextBootstrapper : Neither @ContextConfiguration nor @ContextHierarchy found for test class [io.laaf.aws.web.IndexControllerTest], using SpringBootContextLoader
2022-03-28 00:09:03.351  INFO 1806 --- [    Test worker] o.s.t.c.support.AbstractContextLoader    : Could not detect default resource locations for test class [io.laaf.aws.web.IndexControllerTest]: no resource found for suffixes {-context.xml, Context.groovy}.
2022-03-28 00:09:03.351  INFO 1806 --- [    Test worker] t.c.s.AnnotationConfigContextLoaderUtils : Could not detect default configuration classes for test class [io.laaf.aws.web.IndexControllerTest]: IndexControllerTest does not declare any static, non-private, non-final, nested classes annotated with @Configuration.
2022-03-28 00:09:03.352  INFO 1806 --- [    Test worker] .b.t.c.SpringBootTestContextBootstrapper : Found @SpringBootConfiguration io.laaf.aws.Application for test class io.laaf.aws.web.IndexControllerTest
2022-03-28 00:09:03.353  INFO 1806 --- [    Test worker] .b.t.c.SpringBootTestContextBootstrapper : Loaded default TestExecutionListener class names from location [META-INF/spring.factories]: [org.springframework.boot.test.autoconfigure.restdocs.RestDocsTestExecutionListener, org.springframework.boot.test.autoconfigure.web.client.MockRestServiceServerResetTestExecutionListener, org.springframework.boot.test.autoconfigure.web.servlet.MockMvcPrintOnlyOnFailureTestExecutionListener, org.springframework.boot.test.autoconfigure.web.servlet.WebDriverTestExecutionListener, org.springframework.boot.test.autoconfigure.webservices.client.MockWebServiceServerTestExecutionListener, org.springframework.boot.test.mock.mockito.MockitoTestExecutionListener, org.springframework.boot.test.mock.mockito.ResetMocksTestExecutionListener, org.springframework.test.context.web.ServletTestExecutionListener, org.springframework.test.context.support.DirtiesContextBeforeModesTestExecutionListener, org.springframework.test.context.event.ApplicationEventsTestExecutionListener, org.springframework.test.context.support.DependencyInjectionTestExecutionListener, org.springframework.test.context.support.DirtiesContextTestExecutionListener, org.springframework.test.context.transaction.TransactionalTestExecutionListener, org.springframework.test.context.jdbc.SqlScriptsTestExecutionListener, org.springframework.test.context.event.EventPublishingTestExecutionListener]
2022-03-28 00:09:03.353  INFO 1806 --- [    Test worker] .b.t.c.SpringBootTestContextBootstrapper : Using TestExecutionListeners: [org.springframework.test.context.web.ServletTestExecutionListener@75bd58ab, org.springframework.test.context.support.DirtiesContextBeforeModesTestExecutionListener@6321c6a9, org.springframework.test.context.event.ApplicationEventsTestExecutionListener@1954261c, org.springframework.boot.test.mock.mockito.MockitoTestExecutionListener@14e349aa, org.springframework.boot.test.autoconfigure.SpringBootDependencyInjectionTestExecutionListener@b84239d, org.springframework.test.context.support.DirtiesContextTestExecutionListener@66fda8ca, org.springframework.test.context.transaction.TransactionalTestExecutionListener@5ea116cf, org.springframework.test.context.jdbc.SqlScriptsTestExecutionListener@5081baa8, org.springframework.test.context.event.EventPublishingTestExecutionListener@7ab3e3ee, org.springframework.boot.test.autoconfigure.restdocs.RestDocsTestExecutionListener@7103bf8a, org.springframework.boot.test.autoconfigure.web.client.MockRestServiceServerResetTestExecutionListener@27c2d80b, org.springframework.boot.test.autoconfigure.web.servlet.MockMvcPrintOnlyOnFailureTestExecutionListener@7acb72a1, org.springframework.boot.test.autoconfigure.web.servlet.WebDriverTestExecutionListener@1f024285, org.springframework.boot.test.autoconfigure.webservices.client.MockWebServiceServerTestExecutionListener@73115100, org.springframework.boot.test.mock.mockito.ResetMocksTestExecutionListener@4222cde9]
2022-03-28 00:09:03.433  INFO 1806 --- [o-auto-1-exec-1] o.a.c.c.C.[Tomcat].[localhost].[/]       : Initializing Spring DispatcherServlet 'dispatcherServlet'
2022-03-28 00:09:03.434  INFO 1806 --- [o-auto-1-exec-1] o.s.web.servlet.DispatcherServlet        : Initializing Servlet 'dispatcherServlet'
2022-03-28 00:09:03.435  INFO 1806 --- [o-auto-1-exec-1] o.s.web.servlet.DispatcherServlet        : Completed initialization in 1 ms
Hibernate: select posts0_.id as id1_0_, posts0_.created_date as created_2_0_, posts0_.modified_date as modified3_0_, posts0_.author as author4_0_, posts0_.content as content5_0_, posts0_.title as title6_0_ from posts posts0_ order by posts0_.id desc
]]></system-out>
  <system-err><![CDATA[]]></system-err>
</testsuite>
